<?xml version="1.0" encoding="UTF-8"?>
<testng-results ignored="0" total="1" passed="1" failed="0" skipped="0">
  <reporter-output>
  </reporter-output>
  <suite started-at="2023-09-15T19:02:22 IST" name="Default suite" finished-at="2023-09-15T19:03:39 IST" duration-ms="77611">
    <groups>
      <group name="cucumber">
        <method signature="AbstractTestNGCucumberTests.runScenario(io.cucumber.testng.PickleWrapper,io.cucumber.testng.FeatureWrapper)[pri:0, instance:in.preschool.teststeps.TestRunner@7188af83]" name="runScenario" class="io.cucumber.testng.AbstractTestNGCucumberTests"/>
      </group> <!-- cucumber -->
    </groups>
    <test started-at="2023-09-15T19:02:22 IST" name="Default test" finished-at="2023-09-15T19:03:39 IST" duration-ms="77611">
      <class name="in.preschool.teststeps.TestRunner">
        <test-method is-config="true" signature="setUpClass(org.testng.ITestContext)[pri:0, instance:in.preschool.teststeps.TestRunner@7188af83]" started-at="2023-09-15T19:02:22 IST" name="setUpClass" finished-at="2023-09-15T19:02:22 IST" duration-ms="486" status="PASS">
          <params>
            <param index="0">
              <value>
                <![CDATA[org.testng.TestRunner@10a907ec]]>
              </value>
            </param>
          </params>
          <reporter-output>
          </reporter-output>
        </test-method> <!-- setUpClass -->
        <test-method signature="runScenario(io.cucumber.testng.PickleWrapper,io.cucumber.testng.FeatureWrapper)[pri:0, instance:in.preschool.teststeps.TestRunner@7188af83]" started-at="2023-09-15T19:02:22 IST" name="runScenario" description="Runs Cucumber Scenarios" data-provider="scenarios" finished-at="2023-09-15T19:03:36 IST" duration-ms="73851" status="PASS">
          <params>
            <param index="0">
              <value>
                <![CDATA["A user able to find preschool locator"]]>
              </value>
            </param>
            <param index="1">
              <value>
                <![CDATA["Optional[Locate the preschool using location]"]]>
              </value>
            </param>
          </params>
          <reporter-output>
          </reporter-output>
        </test-method> <!-- runScenario -->
        <test-method is-config="true" signature="tearDownClass()[pri:0, instance:in.preschool.teststeps.TestRunner@7188af83]" started-at="2023-09-15T19:03:36 IST" name="tearDownClass" finished-at="2023-09-15T19:03:39 IST" duration-ms="3231" status="PASS">
          <reporter-output>
          </reporter-output>
        </test-method> <!-- tearDownClass -->
      </class> <!-- in.preschool.teststeps.TestRunner -->
    </test> <!-- Default test -->
  </suite> <!-- Default suite -->
</testng-results>
